mode: count
github.com/nstratos/go-hummingbird/hb/library.go:156.113,159.18 2 4
github.com/nstratos/go-hummingbird/hb/library.go:164.2,168.16 4 4
github.com/nstratos/go-hummingbird/hb/library.go:172.2,174.16 3 3
github.com/nstratos/go-hummingbird/hb/library.go:177.2,177.32 1 2
github.com/nstratos/go-hummingbird/hb/library.go:159.18,162.3 2 3
github.com/nstratos/go-hummingbird/hb/library.go:168.16,170.3 1 1
github.com/nstratos/go-hummingbird/hb/library.go:174.16,176.3 1 1
github.com/nstratos/go-hummingbird/hb/library.go:188.90,193.16 4 3
github.com/nstratos/go-hummingbird/hb/library.go:197.2,199.16 3 2
github.com/nstratos/go-hummingbird/hb/library.go:202.2,202.27 1 1
github.com/nstratos/go-hummingbird/hb/library.go:193.16,195.3 1 1
github.com/nstratos/go-hummingbird/hb/library.go:199.16,201.3 1 1
github.com/nstratos/go-hummingbird/hb/users.go:70.102,71.35 1 3
github.com/nstratos/go-hummingbird/hb/users.go:75.2,80.16 4 2
github.com/nstratos/go-hummingbird/hb/users.go:84.2,86.16 3 2
github.com/nstratos/go-hummingbird/hb/users.go:90.2,90.25 1 1
github.com/nstratos/go-hummingbird/hb/users.go:71.35,73.3 1 1
github.com/nstratos/go-hummingbird/hb/users.go:80.16,82.3 1 0
github.com/nstratos/go-hummingbird/hb/users.go:86.16,88.3 1 1
github.com/nstratos/go-hummingbird/hb/users.go:96.75,100.16 3 3
github.com/nstratos/go-hummingbird/hb/users.go:104.2,106.16 3 2
github.com/nstratos/go-hummingbird/hb/users.go:109.2,109.24 1 1
github.com/nstratos/go-hummingbird/hb/users.go:100.16,102.3 1 1
github.com/nstratos/go-hummingbird/hb/users.go:106.16,108.3 1 1
github.com/nstratos/go-hummingbird/hb/users.go:139.78,143.16 3 3
github.com/nstratos/go-hummingbird/hb/users.go:147.2,149.16 3 2
github.com/nstratos/go-hummingbird/hb/users.go:152.2,152.27 1 1
github.com/nstratos/go-hummingbird/hb/users.go:143.16,145.3 1 1
github.com/nstratos/go-hummingbird/hb/users.go:149.16,151.3 1 1
github.com/nstratos/go-hummingbird/hb/users.go:159.87,163.16 3 3
github.com/nstratos/go-hummingbird/hb/users.go:167.2,169.16 3 2
github.com/nstratos/go-hummingbird/hb/users.go:172.2,172.25 1 1
github.com/nstratos/go-hummingbird/hb/users.go:163.16,165.3 1 1
github.com/nstratos/go-hummingbird/hb/users.go:169.16,171.3 1 1
github.com/nstratos/go-hummingbird/hb/users.go:188.96,192.16 3 3
github.com/nstratos/go-hummingbird/hb/users.go:196.2,202.16 6 2
github.com/nstratos/go-hummingbird/hb/users.go:205.2,205.27 1 1
github.com/nstratos/go-hummingbird/hb/users.go:192.16,194.3 1 1
github.com/nstratos/go-hummingbird/hb/users.go:202.16,204.3 1 1
github.com/nstratos/go-hummingbird/hb/anime.go:51.91,55.16 3 3
github.com/nstratos/go-hummingbird/hb/anime.go:59.2,59.25 1 2
github.com/nstratos/go-hummingbird/hb/anime.go:65.2,67.16 3 2
github.com/nstratos/go-hummingbird/hb/anime.go:70.2,70.25 1 1
github.com/nstratos/go-hummingbird/hb/anime.go:55.16,57.3 1 1
github.com/nstratos/go-hummingbird/hb/anime.go:59.25,63.3 3 1
github.com/nstratos/go-hummingbird/hb/anime.go:67.16,69.3 1 1
github.com/nstratos/go-hummingbird/hb/anime.go:77.78,81.16 3 2
github.com/nstratos/go-hummingbird/hb/anime.go:85.2,91.16 6 2
github.com/nstratos/go-hummingbird/hb/anime.go:94.2,94.25 1 1
github.com/nstratos/go-hummingbird/hb/anime.go:81.16,83.3 1 0
github.com/nstratos/go-hummingbird/hb/anime.go:91.16,93.3 1 1
github.com/nstratos/go-hummingbird/hb/hb.go:30.49,31.23 1 33
github.com/nstratos/go-hummingbird/hb/hb.go:34.2,41.10 6 33
github.com/nstratos/go-hummingbird/hb/hb.go:31.23,33.3 1 33
github.com/nstratos/go-hummingbird/hb/hb.go:52.53,53.23 1 1
github.com/nstratos/go-hummingbird/hb/hb.go:56.2,63.10 6 1
github.com/nstratos/go-hummingbird/hb/hb.go:53.23,55.3 1 1
github.com/nstratos/go-hummingbird/hb/hb.go:71.93,73.16 2 32
github.com/nstratos/go-hummingbird/hb/hb.go:77.2,80.17 3 24
github.com/nstratos/go-hummingbird/hb/hb.go:88.2,89.16 2 23
github.com/nstratos/go-hummingbird/hb/hb.go:93.2,95.17 2 23
github.com/nstratos/go-hummingbird/hb/hb.go:73.16,75.3 1 8
github.com/nstratos/go-hummingbird/hb/hb.go:80.17,83.17 3 9
github.com/nstratos/go-hummingbird/hb/hb.go:83.17,85.4 1 1
github.com/nstratos/go-hummingbird/hb/hb.go:89.16,91.3 1 0
github.com/nstratos/go-hummingbird/hb/hb.go:102.79,104.16 2 22
github.com/nstratos/go-hummingbird/hb/hb.go:108.2,111.16 3 21
github.com/nstratos/go-hummingbird/hb/hb.go:115.2,115.14 1 11
github.com/nstratos/go-hummingbird/hb/hb.go:118.2,118.18 1 11
github.com/nstratos/go-hummingbird/hb/hb.go:104.16,106.3 1 1
github.com/nstratos/go-hummingbird/hb/hb.go:111.16,113.3 1 10
github.com/nstratos/go-hummingbird/hb/hb.go:115.14,117.3 1 11
github.com/nstratos/go-hummingbird/hb/hb.go:125.44,126.45 1 21
github.com/nstratos/go-hummingbird/hb/hb.go:129.2,131.31 3 10
github.com/nstratos/go-hummingbird/hb/hb.go:134.2,134.22 1 10
github.com/nstratos/go-hummingbird/hb/hb.go:126.45,128.3 1 11
github.com/nstratos/go-hummingbird/hb/hb.go:131.31,133.3 1 10
github.com/nstratos/go-hummingbird/hb/hb.go:143.40,146.2 1 3
